Arguments: 
  C:\Program Files\nodejs\node.exe C:\Users\seanm\AppData\Roaming\npm\node_modules\yarn\bin\yarn.js startserverprod

PATH: 
  C:\Users\seanm\bin;C:\Program Files\Git\mingw64\bin;C:\Program Files\Git\usr\local\bin;C:\Program Files\Git\usr\bin;C:\Program Files\Git\usr\bin;C:\Program Files\Git\cmd;C:\Program Files\ConEmu\ConEmu\Scripts;C:\Program Files\ConEmu;C:\Program Files\ConEmu\ConEmu;C:\Python27;C:\Python27\Scripts;C:\Program Files (x86)\Common Files\Oracle\Java\javapath;C:\ProgramData\Oracle\Java\javapath;C:\WINDOWS\system32;C:\WINDOWS;C:\WINDOWS\System32\Wbem;C:\WINDOWS\System32\WindowsPowerShell\v1.0;C:\ProgramData\chocolatey\bin;C:\Program Files\Cloud Foundry;C:\Program Files\Git\cmd;C:\Program Files (x86)\GtkSharp\2.12\bin;C:\Program Files\TortoiseSVN\bin;C:\Program Files\OpenVPN\bin;C:\Users\seanm\AppData\Local\Yarn\bin;C:\WINDOWS\System32\OpenSSH;C:\Program Files\nodejs;C:\Users\seanm\AppData\Local\Programs\Python\Python37\Scripts;C:\Users\seanm\AppData\Local\Programs\Python\Python37;C:\Users\seanm\AppData\Local\Microsoft\WindowsApps;C:\MinGW\bin;C:\Program Files\Curl\src;C:\Users\seanm\AppData\Local\Android\sdk\platform-tools;C:\Users\seanm\AppData\Local\Android\tools;C:\Python36\Scripts;C:\Program Files\Microsoft VS Code\bin;C:\Users\seanm\AppData\Local\Microsoft\WindowsApps;C:\Users\seanm\AppData\Roaming\npm;C:\Program Files\heroku\bin;C:\Users\seanm\AppData\Local\Google\Cloud SDK\google-cloud-sdk\bin;C:\Python27\Scripts;C:\Users\seanm\AppData\Roaming\Python\Scripts;C:\Program Files\Git\usr\bin\vendor_perl;C:\Program Files\Git\usr\bin\core_perl

Yarn version: 
  1.5.1

Node version: 
  8.12.0

Platform: 
  win32 x64

npm manifest: 
  {
    "name": "cloudfile",
    "version": "1.0.0",
    "description": "",
    "engines": {
      "node": "8.12.0"
      },
    "scripts": {
      "test": "echo \"Error: no test specified\" && exit 1",
      "startclient": "cd client && npm start",
      "startserver": "cd server && npm start",
      "startserverprod": "cd server && cross-env PORT=4000 NODE_ENV=production nodemon index.js",
      "start": "npm run-script startserver",
      "dev": "concurrently \"cd server && nodemon index.js\" \"cd client && npm start\"",
      "lt": "lt --port 4000 --subdomain cloudfile",
      "buildclient": "cd client && npm install && npm run-script build",
      "heroku-postbuild": "npm run-script buildclient && cd server && npm install"
    },
    "author": "",
    "license": "ISC",
    "dependencies": {
      "concurrently": "^4.0.1",
      "cross-env": "^5.2.0"
    }
  }

yarn manifest: 
  No manifest

Lockfile: 
  No lockfile

Trace: 
  Error: Command failed.
  Exit code: 100
  Command: C:\WINDOWS\system32\cmd.exe
  Arguments: /d /s /c cd server && cross-env PORT=4000 NODE_ENV=production nodemon index.js
  Directory: C:\Users\seanm\Desktop\Projects\HackHarvard\cloudfile-hackharvard
  Output:
  
      at ProcessTermError.MessageError (C:\Users\seanm\AppData\Roaming\npm\node_modules\yarn\lib\cli.js:186:110)
      at new ProcessTermError (C:\Users\seanm\AppData\Roaming\npm\node_modules\yarn\lib\cli.js:226:113)
      at ChildProcess.<anonymous> (C:\Users\seanm\AppData\Roaming\npm\node_modules\yarn\lib\cli.js:30281:17)
      at emitTwo (events.js:126:13)
      at ChildProcess.emit (events.js:214:7)
      at maybeClose (internal/child_process.js:915:16)
      at Process.ChildProcess._handle.onexit (internal/child_process.js:209:5)
